<?xml version="1.0" encoding="UTF-8"?>
<testng-results ignored="0" total="1" passed="1" failed="0" skipped="0">
  <reporter-output>
  </reporter-output>
  <suite started-at="2024-07-18T23:40:29 IST" name="Default suite" finished-at="2024-07-18T23:40:47 IST" duration-ms="18080">
    <groups>
    </groups>
    <test started-at="2024-07-18T23:40:29 IST" name="Default test" finished-at="2024-07-18T23:40:47 IST" duration-ms="18080">
      <class name="SDET_assignment.file_upload">
        <test-method is-config="true" signature="BT()[pri:0, instance:SDET_assignment.file_upload@2805d709]" started-at="2024-07-18T23:40:29 IST" name="BT" finished-at="2024-07-18T23:40:38 IST" duration-ms="8876" status="PASS">
          <reporter-output>
          </reporter-output>
        </test-method> <!-- BT -->
        <test-method signature="TC_1()[pri:0, instance:SDET_assignment.file_upload@2805d709]" started-at="2024-07-18T23:40:38 IST" name="TC_1" finished-at="2024-07-18T23:40:47 IST" duration-ms="9145" status="PASS">
          <reporter-output>
          </reporter-output>
        </test-method> <!-- TC_1 -->
      </class> <!-- SDET_assignment.file_upload -->
    </test> <!-- Default test -->
  </suite> <!-- Default suite -->
</testng-results>
